<?xml version="1.0" encoding="UTF-8"?>
<!-- Generated by org.testng.reporters.JUnitXMLReporter -->
<testsuite hostname="Avengers" name="Test" tests="4" failures="0" timestamp="7 Sep 2021 08:50:58 GMT" time="0.059" errors="0">
  <testcase name="m1" time="0.001" classname="com.testng.test1"/>
  <testcase name="m2" time="0.003" classname="com.testng.test2"/>
  <testcase name="m3" time="0.003" classname="com.testng.test3"/>
  <testcase name="m4" time="0.003" classname="com.testng.test4"/>
</testsuite> <!-- Test -->
