<?xml version="1.0" encoding="UTF-8"?>
<testng-results skipped="0" failed="0" total="3" passed="3">
  <reporter-output>
  </reporter-output>
  <suite name="Default suite" duration-ms="100" started-at="2021-09-07T10:42:55Z" finished-at="2021-09-07T10:42:55Z">
    <groups>
    </groups>
    <test name="Default test" duration-ms="100" started-at="2021-09-07T10:42:55Z" finished-at="2021-09-07T10:42:55Z">
      <class name="com.testng.test">
        <test-method status="PASS" signature="m1()[pri:0, instance:com.testng.test@2e4b8173]" name="m1" is-config="true" duration-ms="33" started-at="2021-09-07T16:12:55Z" finished-at="2021-09-07T16:12:55Z">
          <reporter-output>
          </reporter-output>
        </test-method> <!-- m1 -->
        <test-method status="PASS" signature="a2()[pri:0, instance:com.testng.test@2e4b8173]" name="a2" is-config="true" duration-ms="1" started-at="2021-09-07T16:12:55Z" finished-at="2021-09-07T16:12:55Z">
          <reporter-output>
          </reporter-output>
        </test-method> <!-- a2 -->
        <test-method status="PASS" signature="a3()[pri:0, instance:com.testng.test@2e4b8173]" name="a3" is-config="true" duration-ms="0" started-at="2021-09-07T16:12:55Z" finished-at="2021-09-07T16:12:55Z">
          <reporter-output>
          </reporter-output>
        </test-method> <!-- a3 -->
        <test-method status="PASS" signature="logIn()[pri:0, instance:com.testng.test@2e4b8173]" name="logIn" duration-ms="20" started-at="2021-09-07T16:12:55Z" finished-at="2021-09-07T16:12:55Z">
          <reporter-output>
          </reporter-output>
        </test-method> <!-- logIn -->
        <test-method status="PASS" signature="a9()[pri:0, instance:com.testng.test@2e4b8173]" name="a9" duration-ms="4" started-at="2021-09-07T16:12:55Z" finished-at="2021-09-07T16:12:55Z">
          <reporter-output>
          </reporter-output>
        </test-method> <!-- a9 -->
        <test-method status="PASS" signature="registration()[pri:0, instance:com.testng.test@2e4b8173]" name="registration" duration-ms="2" started-at="2021-09-07T16:12:55Z" depends-on-methods="com.testng.test.logIn" finished-at="2021-09-07T16:12:55Z">
          <reporter-output>
          </reporter-output>
        </test-method> <!-- registration -->
        <test-method status="PASS" signature="a8()[pri:0, instance:com.testng.test@2e4b8173]" name="a8" is-config="true" duration-ms="1" started-at="2021-09-07T16:12:55Z" finished-at="2021-09-07T16:12:55Z">
          <reporter-output>
          </reporter-output>
        </test-method> <!-- a8 -->
        <test-method status="PASS" signature="a7()[pri:0, instance:com.testng.test@2e4b8173]" name="a7" is-config="true" duration-ms="1" started-at="2021-09-07T16:12:55Z" finished-at="2021-09-07T16:12:55Z">
          <reporter-output>
          </reporter-output>
        </test-method> <!-- a7 -->
        <test-method status="PASS" signature="a6()[pri:0, instance:com.testng.test@2e4b8173]" name="a6" is-config="true" duration-ms="0" started-at="2021-09-07T16:12:55Z" finished-at="2021-09-07T16:12:55Z">
          <reporter-output>
          </reporter-output>
        </test-method> <!-- a6 -->
      </class> <!-- com.testng.test -->
    </test> <!-- Default test -->
  </suite> <!-- Default suite -->
</testng-results>
